<?xml version='1.0' encoding='UTF-8'?>
<testsuite hostname="YueChen-PC" name="gcd.GCDSpec" tests="1" errors="0" failures="0" skipped="0" time="8.423" timestamp="2021-01-02T19:02:47">
                     <properties>
[...]
</properties>
                     <testcase classname="gcd.GCDSpec" name="Gcd should calculate proper greatest common denominator" time="8.423">
                                                 
                                               </testcase>
                     <system-out><![CDATA[]]></system-out>
                     <system-err><![CDATA[]]></system-err>
                   </testsuite>